\BOOKMARK [-1][]{section*.1}{\376\377\000\315\000n\000d\000i\000c\000e}{}% 1
\BOOKMARK [-1][]{part.1}{\376\377\000I\000\040\000G\000r\000u\000p\000o\000\040\000f\000u\000n\000d\000a\000m\000e\000n\000t\000a\000l}{}% 2
\BOOKMARK [0][]{chapter.1}{\376\377\000E\000l\000\040\000g\000r\000u\000p\000o\000\040\000f\000u\000n\000d\000a\000m\000e\000n\000t\000a\000l}{part.1}% 3
\BOOKMARK [1][]{section.1.1}{\376\377\000C\000a\000m\000i\000n\000o\000s\000\040\000y\000\040\000h\000o\000m\000o\000t\000o\000p\000\355\000a\000s}{chapter.1}% 4
\BOOKMARK [1][]{section.1.2}{\376\377\000D\000e\000f\000i\000n\000i\000c\000i\000\363\000n\000\040\000d\000e\000l\000\040\000g\000r\000u\000p\000o\000\040\000f\000u\000n\000d\000a\000m\000e\000n\000t\000a\000l}{chapter.1}% 5
\BOOKMARK [1][]{section.1.3}{\376\377\000C\000a\000m\000b\000i\000o\000\040\000d\000e\000\040\000p\000u\000n\000t\000o\000\040\000b\000a\000s\000e}{chapter.1}% 6
\BOOKMARK [1][]{section.1.4}{\376\377\000E\000l\000\040\000g\000r\000u\000p\000o\000\040\000f\000u\000n\000d\000a\000m\000e\000n\000t\000a\000l\000\040\000d\000e\000l\000\040\000c\000\355\000r\000c\000u\000l\000o}{chapter.1}% 7
\BOOKMARK [1][]{section.1.5}{\376\377\000C\000o\000n\000s\000e\000c\000u\000e\000n\000c\000i\000a\000s\000\040\000d\000e\000l\000\040\000g\000r\000u\000p\000o\000\040\000f\000u\000n\000d\000a\000m\000e\000n\000t\000a\000l\000\040\000d\000e\000l\000\040\000c\000\355\000r\000c\000u\000l\000o}{chapter.1}% 8
\BOOKMARK [2][]{subsection.1.5.1}{\376\377\000E\000l\000\040\000t\000e\000o\000r\000e\000m\000a\000\040\000f\000u\000n\000d\000a\000m\000e\000n\000t\000a\000l\000\040\000d\000e\000l\000\040\000\341\000l\000g\000e\000b\000r\000a}{section.1.5}% 9
\BOOKMARK [2][]{subsection.1.5.2}{\376\377\000T\000e\000o\000r\000e\000m\000a\000\040\000d\000e\000l\000\040\000p\000u\000n\000t\000o\000\040\000f\000i\000j\000o\000\040\000d\000e\000\040\000B\000r\000o\000u\000w\000e\000r\000\040\000e\000n\000\040\000d\000i\000m\000e\000n\000s\000i\000\363\000n\000\040\0002}{section.1.5}% 10
\BOOKMARK [2][]{subsection.1.5.3}{\376\377\000E\000l\000\040\000t\000e\000o\000r\000e\000m\000a\000\040\000d\000e\000\040\000B\000o\000r\000s\000u\000k\000-\000U\000l\000a\000m\000\040\000e\000n\000\040\000d\000i\000m\000e\000n\000s\000i\000\363\000n\000\040\0002}{section.1.5}% 11
\BOOKMARK [1][]{section.1.6}{\376\377\000E\000l\000\040\000g\000r\000u\000p\000o\000\040\000f\000u\000n\000d\000a\000m\000e\000n\000t\000a\000l\000\040\000d\000e\000\040\000u\000n\000\040\000p\000r\000o\000d\000u\000c\000t\000o}{chapter.1}% 12
\BOOKMARK [1][]{section.1.7}{\376\377\000H\000o\000m\000o\000m\000o\000r\000f\000i\000s\000m\000o\000s\000\040\000i\000n\000d\000u\000c\000i\000d\000o\000s\000\040\000\050\000f\000u\000n\000t\000o\000r\000i\000a\000l\000i\000d\000a\000d\000\051}{chapter.1}% 13
\BOOKMARK [1][]{section.1.8}{\376\377\000E\000l\000\040\000g\000r\000u\000p\000o\000\040\000f\000u\000n\000d\000a\000m\000e\000n\000t\000a\000l\000\040\000d\000e\000\040\000l\000a\000\040\000n\000-\000e\000s\000f\000e\000r\000a}{chapter.1}% 14
\BOOKMARK [1][]{section.1.9}{\376\377\000R\000n\000\040\000n\000o\000\040\000e\000s\000\040\000h\000o\000m\000e\000o\000m\000o\000r\000f\000o\000\040\000a\000\040\000R\000n\000\040\000s\000i\000\040\000n\000=\0002}{chapter.1}% 15
\BOOKMARK [1][]{section.1.10}{\376\377\000H\000o\000m\000o\000t\000o\000p\000\355\000a}{chapter.1}% 16
\BOOKMARK [0][]{chapter.2}{\376\377\000E\000l\000\040\000t\000e\000o\000r\000e\000m\000a\000\040\000d\000e\000\040\000V\000a\000n\000\040\000K\000a\000m\000p\000e\000n}{part.1}% 17
\BOOKMARK [1][]{section.2.1}{\376\377\000G\000r\000u\000p\000o\000s\000\040\000l\000i\000b\000r\000e\000s}{chapter.2}% 18
\BOOKMARK [1][]{section.2.2}{\376\377\000P\000r\000o\000d\000u\000c\000t\000o\000s\000\040\000l\000i\000b\000r\000e\000s}{chapter.2}% 19
\BOOKMARK [1][]{section.2.3}{\376\377\000S\000u\000b\000g\000r\000u\000p\000o\000s\000\040\000n\000o\000r\000m\000a\000l\000m\000e\000n\000t\000e\000\040\000g\000e\000n\000e\000r\000a\000d\000o\000s}{chapter.2}% 20
\BOOKMARK [1][]{section.2.4}{\376\377\000E\000l\000\040\000t\000e\000o\000r\000e\000m\000a\000\040\000d\000e\000\040\000V\000a\000n\000\040\000K\000a\000m\000p\000e\000n}{chapter.2}% 21
\BOOKMARK [1][]{section.2.5}{\376\377\000E\000l\000\040\000g\000r\000u\000p\000o\000\040\000f\000u\000n\000d\000a\000m\000e\000n\000t\000a\000l\000\040\000d\000e\000\040\000u\000n\000a\000\040\000c\000u\000\361\000a\000\040\000d\000e\000\040\000e\000s\000p\000a\000c\000i\000o\000s}{chapter.2}% 22
\BOOKMARK [1][]{section.2.6}{\376\377\000T\000o\000d\000o\000\040\000g\000r\000u\000p\000o\000\040\000e\000s\000\040\000e\000l\000\040\000g\000r\000u\000p\000o\000\040\000f\000u\000n\000d\000a\000m\000e\000n\000t\000a\000l\000\040\000d\000e\000\040\000a\000l\000g\000\372\000n\000\040\000e\000s\000p\000a\000c\000i\000o}{chapter.2}% 23
\BOOKMARK [2][]{subsection.2.6.1}{\376\377\000P\000r\000e\000s\000e\000n\000t\000a\000c\000i\000o\000n\000e\000s\000\040\000d\000e\000\040\000g\000r\000u\000p\000o\000s}{section.2.6}% 24
\BOOKMARK [2][]{subsection.2.6.2}{\376\377\000T\000o\000d\000o\000\040\000g\000r\000u\000p\000o\000\040\000e\000s\000\040\000i\000s\000o\000m\000o\000r\000f\000o\000\040\000a\000l\000\040\000g\000r\000u\000p\000o\000\040\000f\000u\000n\000d\000a\000m\000e\000n\000t\000a\000l\000\040\000d\000e\000\040\000a\000l\000g\000\372\000n\000\040\000e\000s\000p\000a\000c\000i\000o}{section.2.6}% 25
\BOOKMARK [1][]{section.2.7}{\376\377\000E\000l\000\040\000g\000r\000u\000p\000o\000\040\000f\000u\000n\000d\000a\000m\000e\000n\000t\000a\000l\000\040\000n\000o\000\040\000d\000e\000t\000e\000c\000t\000a\000\040\000c\000\351\000l\000u\000l\000a\000s\000\040\000d\000e\000\040\000d\000i\000m\000e\000n\000s\000i\000\363\000n\000\040\000m\000a\000y\000o\000r\000\040\000q\000u\000e\000\040\0002}{chapter.2}% 26
\BOOKMARK [-1][]{part.2}{\376\377\000I\000I\000\040\000E\000s\000p\000a\000c\000i\000o\000s\000\040\000c\000u\000b\000r\000i\000e\000n\000t\000e\000s}{}% 27
\BOOKMARK [0][]{chapter.3}{\376\377\000E\000s\000p\000a\000c\000i\000o\000s\000\040\000c\000u\000b\000r\000i\000e\000n\000t\000e\000s}{part.2}% 28
\BOOKMARK [1][]{section.3.1}{\376\377\000D\000e\000f\000i\000n\000i\000c\000i\000\363\000n\000\040\000d\000e\000\040\000e\000s\000p\000a\000c\000i\000o\000\040\000c\000u\000b\000r\000i\000e\000n\000t\000e}{chapter.3}% 29
\BOOKMARK [1][]{section.3.2}{\376\377\000L\000e\000v\000a\000n\000t\000a\000m\000i\000e\000n\000t\000o\000\040\000d\000e\000\040\000h\000o\000m\000o\000t\000o\000p\000\355\000a\000\040\000p\000a\000r\000a\000\040\000c\000u\000b\000r\000i\000e\000n\000t\000e\000s}{chapter.3}% 30
\BOOKMARK [1][]{section.3.3}{\376\377\000E\000l\000\040\000h\000o\000m\000o\000m\000o\000r\000f\000i\000s\000m\000o\000\040\000i\000n\000d\000u\000c\000i\000d\000o\000\040\000d\000e\000\040\000l\000a\000\040\000p\000r\000o\000y\000e\000c\000c\000i\000\363\000n\000\040\000c\000u\000b\000r\000i\000e\000n\000t\000e}{chapter.3}% 31
\BOOKMARK [1][]{section.3.4}{\376\377\000E\000l\000\040\000n\000\372\000m\000e\000r\000o\000\040\000d\000e\000\040\000h\000o\000j\000a\000s\000\040\000d\000e\000\040\000u\000n\000\040\000c\000u\000b\000r\000i\000e\000n\000t\000e\000\040\000y\000\040\000e\000l\000\040\000g\000r\000u\000p\000o\000\040\000f\000u\000n\000d\000a\000m\000e\000n\000t\000a\000l}{chapter.3}% 32
\BOOKMARK [1][]{section.3.5}{\376\377\000E\000l\000\040\000c\000r\000i\000t\000e\000r\000i\000o\000\040\000d\000e\000\040\000l\000e\000v\000a\000n\000t\000a\000m\000i\000e\000n\000t\000o\000\040\000d\000e\000\040\000f\000u\000n\000c\000i\000o\000n\000e\000s}{chapter.3}% 33
\BOOKMARK [1][]{section.3.6}{\376\377\000U\000n\000i\000c\000i\000d\000a\000d\000\040\000d\000e\000l\000\040\000l\000e\000v\000a\000n\000t\000a\000m\000i\000e\000n\000t\000o\000\040\000d\000e\000\040\000f\000u\000n\000c\000i\000o\000n\000e\000s}{chapter.3}% 34
\BOOKMARK [1][]{section.3.7}{\376\377\000E\000l\000\040\000c\000u\000b\000r\000i\000e\000n\000t\000e\000\040\000u\000n\000i\000v\000e\000r\000s\000a\000l}{chapter.3}% 35
\BOOKMARK [1][]{section.3.8}{\376\377\000E\000l\000\040\000t\000e\000o\000r\000e\000m\000a\000\040\000d\000e\000\040\000c\000l\000a\000s\000i\000f\000i\000c\000a\000c\000i\000\363\000n\000\040\000d\000e\000\040\000c\000u\000b\000r\000i\000e\000n\000t\000e\000s}{chapter.3}% 36
\BOOKMARK [1][]{section.3.9}{\376\377\000T\000r\000a\000n\000s\000f\000r\000o\000m\000a\000c\000i\000o\000n\000e\000s\000\040\000d\000e\000\040\000c\000u\000b\000i\000e\000r\000t\000a}{chapter.3}% 37
\BOOKMARK [1][]{section.3.10}{\376\377\000A\000c\000c\000i\000o\000n\000e\000s\000\040\000d\000e\000\040\000g\000r\000u\000p\000o\000s\000\040\000y\000\040\000c\000u\000b\000r\000i\000e\000n\000t\000e\000s}{chapter.3}% 38
\BOOKMARK [0][]{chapter.4}{\376\377\000E\000j\000e\000r\000c\000i\000c\000i\000o\000s}{part.2}% 39
\BOOKMARK [-1][]{part.3}{\376\377\000I\000I\000I\000\040\000H\000o\000m\000o\000l\000o\000g\000\355\000a}{}% 40
\BOOKMARK [0][]{chapter.5}{\376\377\000\301\000l\000g\000e\000b\000r\000a\000\040\000H\000o\000m\000o\000l\000\363\000g\000i\000c\000a}{part.3}% 41
\BOOKMARK [1][]{section.5.1}{\376\377\000C\000o\000n\000c\000e\000p\000t\000o\000s\000\040\000b\000\341\000s\000i\000c\000o\000s}{chapter.5}% 42
\BOOKMARK [1][]{section.5.2}{\376\377\000S\000u\000c\000e\000s\000i\000o\000n\000e\000s\000\040\000e\000x\000a\000c\000t\000a\000s}{chapter.5}% 43
\BOOKMARK [1][]{section.5.3}{\376\377\000H\000o\000m\000o\000t\000o\000p\000\355\000a}{chapter.5}% 44
\BOOKMARK [1][]{section.5.4}{\376\377\000E\000l\000\040\000l\000e\000m\000a\000\040\000d\000e\000\040\000l\000a\000\040\000s\000e\000r\000p\000i\000e\000n\000t\000e}{chapter.5}% 45
\BOOKMARK [1][]{section.5.5}{\376\377\000T\000e\000o\000r\000e\000m\000a\000\040\000f\000u\000n\000d\000a\000m\000e\000n\000t\000a\000l\000\040\000d\000e\000l\000\040\000\341\000l\000g\000e\000b\000r\000a\000\040\000h\000o\000m\000o\000l\000\363\000g\000i\000c\000a}{chapter.5}% 46
\BOOKMARK [1][]{section.5.6}{\376\377\000N\000a\000t\000r\000u\000a\000l\000i\000d\000a\000d\000\040\000d\000e\000l\000\040\000h\000o\000m\000o\000m\000o\000r\000f\000i\000s\000m\000o\000\040\000d\000e\000\040\000c\000o\000n\000e\000x\000i\000\363\000n}{chapter.5}% 47
\BOOKMARK [1][]{section.5.7}{\376\377\000L\000e\000m\000a\000\040\000d\000e\000\040\000l\000o\000s\000\040\000c\000i\000n\000c\000o}{chapter.5}% 48
\BOOKMARK [0][]{chapter.6}{\376\377\000H\000o\000m\000o\000l\000o\000g\000\355\000a\000\040\000s\000i\000n\000g\000u\000l\000a\000r}{part.3}% 49
\BOOKMARK [1][]{section.6.1}{\376\377\000S\000i\000m\000p\000l\000e\000j\000o\000s}{chapter.6}% 50
\BOOKMARK [1][]{section.6.2}{\376\377\000E\000l\000\040\000c\000o\000m\000p\000l\000e\000j\000o\000\040\000d\000e\000\040\000c\000a\000d\000e\000n\000a\000s\000\040\000s\000i\000n\000g\000u\000l\000a\000r\000e\000s}{chapter.6}% 51
\BOOKMARK [1][]{section.6.3}{\376\377\000P\000r\000i\000m\000e\000r\000a\000s\000\040\000p\000r\000o\000p\000i\000e\000d\000a\000d\000e\000s\000\040\000d\000e\000\040\000l\000a\000\040\000h\000o\000m\000o\000l\000o\000g\000\355\000a}{chapter.6}% 52
\BOOKMARK [2][]{subsection.6.3.1}{\376\377\000L\000a\000\040\000h\000o\000m\000o\000l\000o\000g\000\355\000a\000\040\000y\000\040\000l\000a\000s\000\040\000c\000o\000m\000p\000o\000n\000e\000n\000t\000e\000s\000\040\000a\000r\000c\000o\000-\000c\000o\000n\000e\000x\000a\000s}{section.6.3}% 53
\BOOKMARK [2][]{subsection.6.3.2}{\376\377\000E\000l\000\040\0000\000-\000\351\000s\000i\000m\000o\000\040\000g\000r\000u\000p\000o\000\040\000d\000e\000\040\000h\000o\000m\000o\000l\000o\000g\000\355\000a}{section.6.3}% 54
\BOOKMARK [2][]{subsection.6.3.3}{\376\377\000L\000a\000\040\000h\000o\000m\000o\000l\000o\000g\000\355\000a\000\040\000d\000e\000\040\000u\000n\000\040\000p\000u\000n\000t\000o}{section.6.3}% 55
\BOOKMARK [1][]{section.6.4}{\376\377\000H\000o\000m\000o\000l\000o\000g\000\355\000a\000\040\000r\000e\000d\000u\000c\000i\000d\000a}{chapter.6}% 56
\BOOKMARK [1][]{section.6.5}{\376\377\000F\000u\000n\000t\000o\000r\000i\000a\000l\000i\000d\000a\000d}{chapter.6}% 57
\BOOKMARK [1][]{section.6.6}{\376\377\000I\000n\000v\000a\000r\000i\000a\000n\000z\000a\000\040\000h\000o\000m\000o\000t\000\363\000p\000i\000c\000a}{chapter.6}% 58
\BOOKMARK [1][]{section.6.7}{\376\377\000H\000o\000m\000o\000l\000o\000g\000\355\000a\000\040\000r\000e\000l\000a\000t\000i\000v\000a}{chapter.6}% 59
\BOOKMARK [1][]{section.6.8}{\376\377\000E\000s\000c\000i\000s\000i\000\363\000n}{chapter.6}% 60
\BOOKMARK [1][]{section.6.9}{\376\377\000L\000a\000\040\000s\000u\000c\000e\000s\000i\000\363\000n\000\040\000d\000e\000\040\000M\000a\000y\000e\000r\000-\000V\000i\000e\000t\000o\000r\000i\000s}{chapter.6}% 61
\BOOKMARK [1][]{section.6.10}{\376\377\000R\000e\000p\000r\000e\000s\000e\000n\000t\000a\000n\000t\000e\000s\000\040\000d\000e\000\040\000l\000a\000\040\000h\000o\000m\000o\000l\000o\000g\000\355\000a\000\040\000d\000e\000\040\000l\000a\000\040\000e\000s\000f\000e\000r\000a}{chapter.6}% 62
\BOOKMARK [1][]{section.6.11}{\376\377\000G\000e\000n\000e\000r\000a\000d\000o\000r\000e\000s\000\040\000p\000a\000r\000a\000\040\000l\000a\000\040\000h\000o\000m\000o\000l\000o\000g\000\355\000a\000\040\000d\000e\000\040\000l\000a\000\040\000e\000s\000f\000e\000r\000a}{chapter.6}% 63
\BOOKMARK [1][]{section.6.12}{\376\377\000G\000r\000a\000d\000o\000\040\000d\000e\000\040\000u\000n\000a\000\040\000f\000u\000n\000c\000i\000\363\000n\000\040\000e\000n\000t\000r\000e\000\040\000e\000s\000f\000e\000r\000a\000s}{chapter.6}% 64
\BOOKMARK [2][]{subsection.6.12.1}{\376\377\000G\000r\000a\000d\000o\000\040\000l\000o\000c\000a\000l}{section.6.12}% 65
\BOOKMARK [0][]{chapter.7}{\376\377\000C\000o\000m\000p\000l\000e\000j\000o\000s\000\040\000C\000W}{part.3}% 66
\BOOKMARK [1][]{section.7.1}{\376\377\000C\000o\000n\000s\000t\000r\000u\000c\000c\000i\000\363\000n}{chapter.7}% 67
\BOOKMARK [1][]{section.7.2}{\376\377\000H\000o\000m\000o\000l\000o\000g\000\355\000a\000\040\000d\000e\000\040\000c\000o\000m\000p\000l\000e\000j\000o\000s\000\040\000C\000W}{chapter.7}% 68
\BOOKMARK [1][]{section.7.3}{\376\377\000E\000j\000e\000m\000p\000l\000o\000s}{chapter.7}% 69
\BOOKMARK [1][]{section.7.4}{\376\377\000C\000a\000r\000a\000c\000t\000e\000r\000\355\000s\000t\000i\000c\000a\000\040\000d\000e\000\040\000E\000u\000l\000e\000r}{chapter.7}% 70
\BOOKMARK [0][]{chapter.8}{\376\377\000H\000o\000m\000o\000l\000o\000g\000\355\000a\000\040\000y\000\040\000h\000o\000m\000o\000t\000o\000p\000\355\000a}{part.3}% 71
\BOOKMARK [1][]{section.8.1}{\376\377\000E\000l\000\040\000h\000o\000m\000o\000m\000o\000r\000f\000i\000s\000m\000o\000\040\000d\000e\000\040\000H\000u\000r\000e\000w\000i\000c\000z}{chapter.8}% 72
\BOOKMARK [1][]{section.8.2}{\376\377\000G\000r\000u\000p\000o\000s\000\040\000d\000e\000\040\000h\000o\000m\000o\000t\000o\000p\000\355\000a\000\040\000s\000u\000p\000e\000r\000i\000o\000r\000e\000s}{chapter.8}% 73
\BOOKMARK [1][]{section.8.3}{\376\377\000E\000j\000e\000r\000c\000i\000c\000i\000o\000s}{chapter.8}% 74
